<?xml version="1.0" encoding="UTF-8"?>
<testng-results skipped="0" failed="0" ignored="0" total="1" passed="1">
  <reporter-output>
  </reporter-output>
  <suite name="test" duration-ms="85780" started-at="2021-12-15T13:16:44 GMT+05:30" finished-at="2021-12-15T13:18:09 GMT+05:30">
    <groups>
    </groups>
    <test name="Firefox" duration-ms="85780" started-at="2021-12-15T13:16:44 GMT+05:30" finished-at="2021-12-15T13:18:09 GMT+05:30">
      <class name="tests.TC_LoginTestPS_001">
        <test-method status="PASS" signature="setUp(java.lang.String)[pri:0, instance:tests.TC_LoginTestPS_001@1649b0e6]" name="setUp" is-config="true" duration-ms="22233" started-at="2021-12-15T13:16:44 GMT+05:30" finished-at="2021-12-15T13:17:06 GMT+05:30">
          <params>
            <param index="0">
              <value>
                <![CDATA[Firefox]]>
              </value>
            </param>
          </params>
          <reporter-output>
          </reporter-output>
        </test-method> <!-- setUp -->
        <test-method status="PASS" signature="loginTestPS()[pri:0, instance:tests.TC_LoginTestPS_001@1649b0e6]" name="loginTestPS" duration-ms="63507" started-at="2021-12-15T13:17:06 GMT+05:30" finished-at="2021-12-15T13:18:09 GMT+05:30">
          <reporter-output>
          </reporter-output>
        </test-method> <!-- loginTestPS -->
        <test-method status="PASS" signature="screenshot(org.testng.ITestResult)[pri:0, instance:tests.TC_LoginTestPS_001@1649b0e6]" name="screenshot" is-config="true" duration-ms="2" started-at="2021-12-15T13:18:09 GMT+05:30" finished-at="2021-12-15T13:18:09 GMT+05:30">
          <params>
            <param index="0">
              <value>
                <![CDATA[[TestResult name=loginTestPS status=SUCCESS method=TC_LoginTestPS_001.loginTestPS()[pri:0, instance:tests.TC_LoginTestPS_001@1649b0e6] output={null}]]]>
              </value>
            </param>
          </params>
          <reporter-output>
          </reporter-output>
        </test-method> <!-- screenshot -->
      </class> <!-- tests.TC_LoginTestPS_001 -->
    </test> <!-- Firefox -->
  </suite> <!-- test -->
</testng-results>
